<?xml version="1.0" encoding="UTF-8"?>
<!-- Generated by org.testng.reporters.JUnitXMLReporter -->
<testsuite hostname="LAPTOP-BVIUIKAG" ignored="0" name="Test" tests="1" failures="1" timestamp="16 Jul 2021 09:35:27 GMT" time="18.916" errors="0">
  <testcase name="login" time="0.097" classname="com.orangeHRM.Testcases.OrangeHRM_login">
    <failure type="java.lang.AssertionError" message="expected [sam] but found [OrangeHRM]">
      <![CDATA[java.lang.AssertionError: expected [sam] but found [OrangeHRM]
at com.orangeHRM.Testcases.Golden_template.ValidatePageTitle(Golden_template.java:123)
at com.orangeHRM.Testcases.OrangeHRM_login.login(OrangeHRM_login.java:20)
... Removed 31 stack frames]]>
    </failure>
  </testcase> <!-- login -->
</testsuite> <!-- Test -->
